<?xml version="1.0" encoding="utf-8" ?>
<!-- DO NOT EDIT THIS FILE -->

<log version="1.0" component="tcet">
	<msg id="1" display="false" tool="tccore">
		<type>2207</type>
		<timestamp>Tue Sep 13 16:13:44 2011</timestamp>
		<severity>2</severity>
		<description>START</description>
	</msg>
	<!-- Successfully loaded the TC Runtime 10.4.1 at address 0xb6fd4000 - 0xb6fe5000 -->
	<!-- Successfully loaded the TC Analysis Core 4.1.18 at address 0xa5984000 - 0xa5d90000 -->
	<!-- Successfully loaded the TC Instrumentation Engine 4.1.18 at address 0xb7027000 - 0xb741e000 -->
	<!-- This is the instance of interest -->
	<msg id="2" tool="tcet">
		<type>2001</type>
		<timestamp>Tue Sep 13 16:13:44 2011</timestamp>
		<severity>2</severity>
		<description>LOAD_MODULE</description>
		<arg>/home/robin/share/code/message/build/message</arg>
	</msg>
	<msg id="3" tool="tcet">
		<type>2001</type>
		<timestamp>Tue Sep 13 16:13:44 2011</timestamp>
		<severity>2</severity>
		<description>LOAD_MODULE</description>
		<arg>/lib/ld-linux.so.2</arg>
	</msg>
	<msg id="4" tool="tcet">
		<type>2001</type>
		<timestamp>Tue Sep 13 16:13:46 2011</timestamp>
		<severity>2</severity>
		<description>LOAD_MODULE</description>
		<arg>/lib/libpthread.so.0</arg>
	</msg>
	<msg id="5" tool="tcet">
		<type>2001</type>
		<timestamp>Tue Sep 13 16:13:46 2011</timestamp>
		<severity>2</severity>
		<description>LOAD_MODULE</description>
		<arg>/usr/lib/libstdc++.so.6</arg>
	</msg>
	<msg id="6" tool="tcet">
		<type>2001</type>
		<timestamp>Tue Sep 13 16:13:46 2011</timestamp>
		<severity>2</severity>
		<description>LOAD_MODULE</description>
		<arg>/lib/librt.so.1</arg>
	</msg>
	<msg id="7" tool="tcet">
		<type>2001</type>
		<timestamp>Tue Sep 13 16:13:47 2011</timestamp>
		<severity>2</severity>
		<description>LOAD_MODULE</description>
		<arg>/lib/libc.so.6</arg>
	</msg>
	<msg id="8" tool="tcet">
		<type>2001</type>
		<timestamp>Tue Sep 13 16:13:47 2011</timestamp>
		<severity>2</severity>
		<description>LOAD_MODULE</description>
		<arg>/lib/libm.so.6</arg>
	</msg>
	<msg id="9" tool="tcet">
		<type>2001</type>
		<timestamp>Tue Sep 13 16:13:47 2011</timestamp>
		<severity>2</severity>
		<description>LOAD_MODULE</description>
		<arg>/lib/libgcc_s.so.1</arg>
	</msg>