<?xml version="1.0" encoding="UTF-8"?>
<feedback>
 <message severity="info">Threading error analysis: started</message>
 <nop/>
 <message severity="info">Result file: [/home/robin/share/code/message/build/r000ti3/r000ti3.inspxe] </message>
 <nop/>
 <message severity="info">Loaded module: /home/robin/share/code/message/build/message. </message>
 <nop/>
 <message severity="info">Loaded module: /lib/ld-linux.so.2. </message>
 <nop/>
 <message severity="info">Loaded module: /lib/libpthread.so.0. </message>
 <nop/>
 <message severity="info">Loaded module: /usr/lib/libstdc++.so.6. </message>
 <nop/>
 <message severity="info">Loaded module: /lib/librt.so.1. </message>
 <nop/>
 <message severity="info">Loaded module: /lib/libc.so.6. </message>
 <nop/>
 <message severity="info">Loaded module: /lib/libm.so.6. </message>
 <nop/>
 <message severity="info">Loaded module: /lib/libgcc_s.so.1. </message>
 <nop/>
 <message severity="info">Application exit code: [137] </message>
 <nop/>
 <message severity="info">Result file: [/home/robin/share/code/message/build/r000ti3/r000ti3.inspxe] </message>
 <nop/>
 <message severity="info">Threading error analysis: canceled by user</message>
 <nop/>
</feedback>
